

*******************************************************************************
Mon Dec 17 13:34:42 2012


FIT:    data read from "daten" using (($9 +273.2)**4)-(21.2+273.2)**4:($2) index 0
        format = x:z
BREAK:          No data to fit 



*******************************************************************************
Mon Dec 17 13:34:59 2012


FIT:    data read from "daten" using (($9 +273.2)**4)-(21.2+273.2)**4:($2) index 1
        format = x:z
        #datapoints = 8
        residuals are weighted equally (unit weight)

function used for fitting: f(x)
fitted parameters initialized with current variable values



 Iteration 0
 WSSR        : 880026            delta(WSSR)/WSSR   : 0
 delta(WSSR) : 0                 limit for stopping : 1e-05
 lambda	  : 234.834

initial set of free parameter values

a               = 1
b               = 1

After 6 iterations the fit converged.
final sum of squares of residuals : 0.000470656
rel. change during last iteration : -3.67344e-06

degrees of freedom    (FIT_NDF)                        : 6
rms of residuals      (FIT_STDFIT) = sqrt(WSSR/ndf)    : 0.00885679
variance of residuals (reduced chisquare) = WSSR/ndf   : 7.84427e-05

Final set of parameters            Asymptotic Standard Error
=======================            ==========================

a               = 0.00431529       +/- 3.12e-05     (0.723%)
b               = -0.0451127       +/- 0.01036      (22.97%)


correlation matrix of the fit parameters:

               a      b      
a               1.000 
b              -0.953  1.000 


*******************************************************************************
Mon Dec 17 13:35:13 2012


FIT:    data read from "daten" using (($9 +273.2)**4)-(21.2+273.2)**4:($2) index 1
        format = x:z
        #datapoints = 8
        residuals are weighted equally (unit weight)

function used for fitting: f(x)
fitted parameters initialized with current variable values



 Iteration 0
 WSSR        : 0.000470656       delta(WSSR)/WSSR   : 0
 delta(WSSR) : 0                 limit for stopping : 1e-05
 lambda	  : 234.834

initial set of free parameter values

a               = 0.00431529
b               = -0.0451127

After 1 iterations the fit converged.
final sum of squares of residuals : 0.000470656
rel. change during last iteration : -6.68043e-15

degrees of freedom    (FIT_NDF)                        : 6
rms of residuals      (FIT_STDFIT) = sqrt(WSSR/ndf)    : 0.00885679
variance of residuals (reduced chisquare) = WSSR/ndf   : 7.84427e-05

Final set of parameters            Asymptotic Standard Error
=======================            ==========================

a               = 0.00431529       +/- 3.12e-05     (0.723%)
b               = -0.0451127       +/- 0.01036      (22.97%)


correlation matrix of the fit parameters:

               a      b      
a               1.000 
b              -0.953  1.000 


*******************************************************************************
Mon Dec 17 13:35:14 2012


FIT:    data read from "daten" using (($9 +273.2)**4)-(21.2+273.2)**4:($2) index 1
        format = x:z
        #datapoints = 8
        residuals are weighted equally (unit weight)

function used for fitting: f(x)
fitted parameters initialized with current variable values



 Iteration 0
 WSSR        : 0.000470656       delta(WSSR)/WSSR   : 0
 delta(WSSR) : 0                 limit for stopping : 1e-05
 lambda	  : 234.834

initial set of free parameter values

a               = 0.00431529
b               = -0.0451127

After 1 iterations the fit converged.
final sum of squares of residuals : 0.000470656
rel. change during last iteration : 0

degrees of freedom    (FIT_NDF)                        : 6
rms of residuals      (FIT_STDFIT) = sqrt(WSSR/ndf)    : 0.00885679
variance of residuals (reduced chisquare) = WSSR/ndf   : 7.84427e-05

Final set of parameters            Asymptotic Standard Error
=======================            ==========================

a               = 0.00431529       +/- 3.12e-05     (0.723%)
b               = -0.0451127       +/- 0.01036      (22.97%)


correlation matrix of the fit parameters:

               a      b      
a               1.000 
b              -0.953  1.000 


*******************************************************************************
Mon Dec 17 13:35:17 2012


FIT:    data read from "daten" using (($9 +273.2)**4)-(21.2+273.2)**4:($2) index 1
        format = x:z
        #datapoints = 8
        residuals are weighted equally (unit weight)

function used for fitting: f(x)
fitted parameters initialized with current variable values



 Iteration 0
 WSSR        : 0.000470656       delta(WSSR)/WSSR   : 0
 delta(WSSR) : 0                 limit for stopping : 1e-05
 lambda	  : 234.834

initial set of free parameter values

a               = 0.00431529
b               = -0.0451127

After 1 iterations the fit converged.
final sum of squares of residuals : 0.000470656
rel. change during last iteration : 0

degrees of freedom    (FIT_NDF)                        : 6
rms of residuals      (FIT_STDFIT) = sqrt(WSSR/ndf)    : 0.00885679
variance of residuals (reduced chisquare) = WSSR/ndf   : 7.84427e-05

Final set of parameters            Asymptotic Standard Error
=======================            ==========================

a               = 0.00431529       +/- 3.12e-05     (0.723%)
b               = -0.0451127       +/- 0.01036      (22.97%)


correlation matrix of the fit parameters:

               a      b      
a               1.000 
b              -0.953  1.000 


*******************************************************************************
Mon Dec 17 13:35:35 2012


FIT:    data read from "daten" using (($9 +273.2)**4)-(21.2+273.2)**4:($2) index 1
        format = x:z
        #datapoints = 8
        residuals are weighted equally (unit weight)

function used for fitting: f(x)
fitted parameters initialized with current variable values



 Iteration 0
 WSSR        : 0.000470656       delta(WSSR)/WSSR   : 0
 delta(WSSR) : 0                 limit for stopping : 1e-05
 lambda	  : 234.834

initial set of free parameter values

a               = 0.00431529
b               = -0.0451127

After 1 iterations the fit converged.
final sum of squares of residuals : 0.000470656
rel. change during last iteration : 0

degrees of freedom    (FIT_NDF)                        : 6
rms of residuals      (FIT_STDFIT) = sqrt(WSSR/ndf)    : 0.00885679
variance of residuals (reduced chisquare) = WSSR/ndf   : 7.84427e-05

Final set of parameters            Asymptotic Standard Error
=======================            ==========================

a               = 0.00431529       +/- 3.12e-05     (0.723%)
b               = -0.0451127       +/- 0.01036      (22.97%)


correlation matrix of the fit parameters:

               a      b      
a               1.000 
b              -0.953  1.000 


*******************************************************************************
Mon Dec 17 13:35:55 2012


FIT:    data read from "daten" using (($9 +273.2)**4)-(21.2+273.2)**4:($2) index 1
        format = x:z
        #datapoints = 8
        residuals are weighted equally (unit weight)

function used for fitting: f(x)
fitted parameters initialized with current variable values



 Iteration 0
 WSSR        : 0.000470656       delta(WSSR)/WSSR   : 0
 delta(WSSR) : 0                 limit for stopping : 1e-05
 lambda	  : 234.834

initial set of free parameter values

a               = 0.00431529
b               = -0.0451127

After 1 iterations the fit converged.
final sum of squares of residuals : 0.000470656
rel. change during last iteration : 0

degrees of freedom    (FIT_NDF)                        : 6
rms of residuals      (FIT_STDFIT) = sqrt(WSSR/ndf)    : 0.00885679
variance of residuals (reduced chisquare) = WSSR/ndf   : 7.84427e-05

Final set of parameters            Asymptotic Standard Error
=======================            ==========================

a               = 0.00431529       +/- 3.12e-05     (0.723%)
b               = -0.0451127       +/- 0.01036      (22.97%)


correlation matrix of the fit parameters:

               a      b      
a               1.000 
b              -0.953  1.000 


*******************************************************************************
Mon Dec 17 13:36:16 2012


FIT:    data read from "daten" using (($9 +273.2)**4)-(21.2+273.2)**4:($2) index 1
        format = x:z
        #datapoints = 8
        residuals are weighted equally (unit weight)

function used for fitting: f(x)
fitted parameters initialized with current variable values



 Iteration 0
 WSSR        : 0.000470656       delta(WSSR)/WSSR   : 0
 delta(WSSR) : 0                 limit for stopping : 1e-05
 lambda	  : 234.834

initial set of free parameter values

a               = 0.00431529
b               = -0.0451127

After 1 iterations the fit converged.
final sum of squares of residuals : 0.000470656
rel. change during last iteration : 0

degrees of freedom    (FIT_NDF)                        : 6
rms of residuals      (FIT_STDFIT) = sqrt(WSSR/ndf)    : 0.00885679
variance of residuals (reduced chisquare) = WSSR/ndf   : 7.84427e-05

Final set of parameters            Asymptotic Standard Error
=======================            ==========================

a               = 0.00431529       +/- 3.12e-05     (0.723%)
b               = -0.0451127       +/- 0.01036      (22.97%)


correlation matrix of the fit parameters:

               a      b      
a               1.000 
b              -0.953  1.000 


*******************************************************************************
Mon Dec 17 13:37:22 2012


FIT:    data read from "daten" using (($9 +273.2)**4)-(21.2+273.2)**4:($2) index 1
        format = x:z
        #datapoints = 8
        residuals are weighted equally (unit weight)

function used for fitting: f(x)
fitted parameters initialized with current variable values



 Iteration 0
 WSSR        : 0.000470656       delta(WSSR)/WSSR   : 0
 delta(WSSR) : 0                 limit for stopping : 1e-05
 lambda	  : 234.834

initial set of free parameter values

a               = 0.00431529
b               = -0.0451127

After 1 iterations the fit converged.
final sum of squares of residuals : 0.000470656
rel. change during last iteration : 0

degrees of freedom    (FIT_NDF)                        : 6
rms of residuals      (FIT_STDFIT) = sqrt(WSSR/ndf)    : 0.00885679
variance of residuals (reduced chisquare) = WSSR/ndf   : 7.84427e-05

Final set of parameters            Asymptotic Standard Error
=======================            ==========================

a               = 0.00431529       +/- 3.12e-05     (0.723%)
b               = -0.0451127       +/- 0.01036      (22.97%)


correlation matrix of the fit parameters:

               a      b      
a               1.000 
b              -0.953  1.000 


*******************************************************************************
Mon Dec 17 13:37:31 2012


FIT:    data read from "daten" using (($9 +273.2)**4)-(21.2+273.2)**4:($2) index 1
        format = x:z
        #datapoints = 8
        residuals are weighted equally (unit weight)

function used for fitting: f(x)
fitted parameters initialized with current variable values



 Iteration 0
 WSSR        : 0.000470656       delta(WSSR)/WSSR   : 0
 delta(WSSR) : 0                 limit for stopping : 1e-05
 lambda	  : 234.834

initial set of free parameter values

a               = 0.00431529
b               = -0.0451127

After 1 iterations the fit converged.
final sum of squares of residuals : 0.000470656
rel. change during last iteration : 0

degrees of freedom    (FIT_NDF)                        : 6
rms of residuals      (FIT_STDFIT) = sqrt(WSSR/ndf)    : 0.00885679
variance of residuals (reduced chisquare) = WSSR/ndf   : 7.84427e-05

Final set of parameters            Asymptotic Standard Error
=======================            ==========================

a               = 0.00431529       +/- 3.12e-05     (0.723%)
b               = -0.0451127       +/- 0.01036      (22.97%)


correlation matrix of the fit parameters:

               a      b      
a               1.000 
b              -0.953  1.000 


*******************************************************************************
Mon Dec 17 13:37:32 2012


FIT:    data read from "daten" using (($9 +273.2)**4)-(21.2+273.2)**4:($2) index 1
        format = x:z
        #datapoints = 8
        residuals are weighted equally (unit weight)

function used for fitting: f(x)
fitted parameters initialized with current variable values



 Iteration 0
 WSSR        : 0.000470656       delta(WSSR)/WSSR   : 0
 delta(WSSR) : 0                 limit for stopping : 1e-05
 lambda	  : 234.834

initial set of free parameter values

a               = 0.00431529
b               = -0.0451127

After 1 iterations the fit converged.
final sum of squares of residuals : 0.000470656
rel. change during last iteration : 0

degrees of freedom    (FIT_NDF)                        : 6
rms of residuals      (FIT_STDFIT) = sqrt(WSSR/ndf)    : 0.00885679
variance of residuals (reduced chisquare) = WSSR/ndf   : 7.84427e-05

Final set of parameters            Asymptotic Standard Error
=======================            ==========================

a               = 0.00431529       +/- 3.12e-05     (0.723%)
b               = -0.0451127       +/- 0.01036      (22.97%)


correlation matrix of the fit parameters:

               a      b      
a               1.000 
b              -0.953  1.000 


*******************************************************************************
Mon Dec 17 17:36:29 2012


FIT:    data read from "daten" using (($9 +273.2)**4)-(21.2+273.2)**4:($2) index 1
        format = x:z
        #datapoints = 7
        residuals are weighted equally (unit weight)

function used for fitting: f(x)
fitted parameters initialized with current variable values



 Iteration 0
 WSSR        : 736685            delta(WSSR)/WSSR   : 0
 delta(WSSR) : 0                 limit for stopping : 1e-05
 lambda	  : 229.682

initial set of free parameter values

a               = 1
b               = 1

After 6 iterations the fit converged.
final sum of squares of residuals : 0.00037831
rel. change during last iteration : -3.95506e-06

degrees of freedom    (FIT_NDF)                        : 5
rms of residuals      (FIT_STDFIT) = sqrt(WSSR/ndf)    : 0.00869839
variance of residuals (reduced chisquare) = WSSR/ndf   : 7.5662e-05

Final set of parameters            Asymptotic Standard Error
=======================            ==========================

a               = 0.00430708       +/- 3.153e-05    (0.7321%)
b               = -0.0438333       +/- 0.01024      (23.36%)


correlation matrix of the fit parameters:

               a      b      
a               1.000 
b              -0.947  1.000 


*******************************************************************************
Mon Dec 17 21:12:14 2012


FIT:    data read from "daten" using (($9 +273.2)**4)-(21.2+273.2)**4:($2) index 1
        format = x:z
        #datapoints = 7
        residuals are weighted equally (unit weight)

function used for fitting: f(x)
fitted parameters initialized with current variable values



 Iteration 0
 WSSR        : 736685            delta(WSSR)/WSSR   : 0
 delta(WSSR) : 0                 limit for stopping : 1e-05
 lambda	  : 229.682

initial set of free parameter values

a               = 1
b               = 1

After 6 iterations the fit converged.
final sum of squares of residuals : 0.00037831
rel. change during last iteration : -3.95506e-06

degrees of freedom    (FIT_NDF)                        : 5
rms of residuals      (FIT_STDFIT) = sqrt(WSSR/ndf)    : 0.00869839
variance of residuals (reduced chisquare) = WSSR/ndf   : 7.5662e-05

Final set of parameters            Asymptotic Standard Error
=======================            ==========================

a               = 0.00430708       +/- 3.153e-05    (0.7321%)
b               = -0.0438333       +/- 0.01024      (23.36%)


correlation matrix of the fit parameters:

               a      b      
a               1.000 
b              -0.947  1.000 


*******************************************************************************
Mon Dec 17 21:14:26 2012


FIT:    data read from "daten" using (($9 +273.2)**4)-(21.2+273.2)**4:($2) index 1
        format = x:z
        #datapoints = 7
        residuals are weighted equally (unit weight)

function used for fitting: f(x)
fitted parameters initialized with current variable values



 Iteration 0
 WSSR        : 0.00037831        delta(WSSR)/WSSR   : 0
 delta(WSSR) : 0                 limit for stopping : 1e-05
 lambda	  : 229.682

initial set of free parameter values

a               = 0.00430708
b               = -0.0438333

After 1 iterations the fit converged.
final sum of squares of residuals : 0.00037831
rel. change during last iteration : -2.14943e-15

degrees of freedom    (FIT_NDF)                        : 5
rms of residuals      (FIT_STDFIT) = sqrt(WSSR/ndf)    : 0.00869839
variance of residuals (reduced chisquare) = WSSR/ndf   : 7.5662e-05

Final set of parameters            Asymptotic Standard Error
=======================            ==========================

a               = 0.00430708       +/- 3.153e-05    (0.7321%)
b               = -0.0438333       +/- 0.01024      (23.36%)


correlation matrix of the fit parameters:

               a      b      
a               1.000 
b              -0.947  1.000 


*******************************************************************************
Mon Dec 17 21:14:30 2012


FIT:    data read from "daten" using (($9 +273.2)**4)-(21.2+273.2)**4:($2) index 1
        format = x:z
        #datapoints = 7
        residuals are weighted equally (unit weight)

function used for fitting: f(x)
fitted parameters initialized with current variable values



 Iteration 0
 WSSR        : 0.00037831        delta(WSSR)/WSSR   : 0
 delta(WSSR) : 0                 limit for stopping : 1e-05
 lambda	  : 229.682

initial set of free parameter values

a               = 0.00430708
b               = -0.0438333

After 1 iterations the fit converged.
final sum of squares of residuals : 0.00037831
rel. change during last iteration : 0

degrees of freedom    (FIT_NDF)                        : 5
rms of residuals      (FIT_STDFIT) = sqrt(WSSR/ndf)    : 0.00869839
variance of residuals (reduced chisquare) = WSSR/ndf   : 7.5662e-05

Final set of parameters            Asymptotic Standard Error
=======================            ==========================

a               = 0.00430708       +/- 3.153e-05    (0.7321%)
b               = -0.0438333       +/- 0.01024      (23.36%)


correlation matrix of the fit parameters:

               a      b      
a               1.000 
b              -0.947  1.000 


*******************************************************************************
Mon Dec 17 21:15:05 2012


FIT:    data read from "daten" using (($9 +273.2)**4)-(21.2+273.2)**4:($2) index 1
        format = x:z
        #datapoints = 7
        residuals are weighted equally (unit weight)

function used for fitting: f(x)
fitted parameters initialized with current variable values



 Iteration 0
 WSSR        : 0.00037831        delta(WSSR)/WSSR   : 0
 delta(WSSR) : 0                 limit for stopping : 1e-05
 lambda	  : 229.682

initial set of free parameter values

a               = 0.00430708
b               = -0.0438333

After 1 iterations the fit converged.
final sum of squares of residuals : 0.00037831
rel. change during last iteration : 0

degrees of freedom    (FIT_NDF)                        : 5
rms of residuals      (FIT_STDFIT) = sqrt(WSSR/ndf)    : 0.00869839
variance of residuals (reduced chisquare) = WSSR/ndf   : 7.5662e-05

Final set of parameters            Asymptotic Standard Error
=======================            ==========================

a               = 0.00430708       +/- 3.153e-05    (0.7321%)
b               = -0.0438333       +/- 0.01024      (23.36%)


correlation matrix of the fit parameters:

               a      b      
a               1.000 
b              -0.947  1.000 


*******************************************************************************
Mon Dec 17 21:15:07 2012


FIT:    data read from "daten" using (($9 +273.2)**4)-(21.2+273.2)**4:($2) index 1
        format = x:z
        #datapoints = 7
        residuals are weighted equally (unit weight)

function used for fitting: f(x)
fitted parameters initialized with current variable values



 Iteration 0
 WSSR        : 0.00037831        delta(WSSR)/WSSR   : 0
 delta(WSSR) : 0                 limit for stopping : 1e-05
 lambda	  : 229.682

initial set of free parameter values

a               = 0.00430708
b               = -0.0438333

After 1 iterations the fit converged.
final sum of squares of residuals : 0.00037831
rel. change during last iteration : 0

degrees of freedom    (FIT_NDF)                        : 5
rms of residuals      (FIT_STDFIT) = sqrt(WSSR/ndf)    : 0.00869839
variance of residuals (reduced chisquare) = WSSR/ndf   : 7.5662e-05

Final set of parameters            Asymptotic Standard Error
=======================            ==========================

a               = 0.00430708       +/- 3.153e-05    (0.7321%)
b               = -0.0438333       +/- 0.01024      (23.36%)


correlation matrix of the fit parameters:

               a      b      
a               1.000 
b              -0.947  1.000 


*******************************************************************************
Mon Dec 17 21:15:23 2012


FIT:    data read from "daten" using (($9 +273.2)**4)-(21.2+273.2)**4:($2) index 1
        format = x:z
        #datapoints = 7
        residuals are weighted equally (unit weight)

function used for fitting: f(x)
fitted parameters initialized with current variable values



 Iteration 0
 WSSR        : 0.00037831        delta(WSSR)/WSSR   : 0
 delta(WSSR) : 0                 limit for stopping : 1e-05
 lambda	  : 229.682

initial set of free parameter values

a               = 0.00430708
b               = -0.0438333

After 1 iterations the fit converged.
final sum of squares of residuals : 0.00037831
rel. change during last iteration : 0

degrees of freedom    (FIT_NDF)                        : 5
rms of residuals      (FIT_STDFIT) = sqrt(WSSR/ndf)    : 0.00869839
variance of residuals (reduced chisquare) = WSSR/ndf   : 7.5662e-05

Final set of parameters            Asymptotic Standard Error
=======================            ==========================

a               = 0.00430708       +/- 3.153e-05    (0.7321%)
b               = -0.0438333       +/- 0.01024      (23.36%)


correlation matrix of the fit parameters:

               a      b      
a               1.000 
b              -0.947  1.000 


*******************************************************************************
Mon Dec 17 21:15:52 2012


FIT:    data read from "daten" using (($9 +273.2)**4)-(21.2+273.2)**4:($2) index 1
        format = x:z
        #datapoints = 7
        residuals are weighted equally (unit weight)

function used for fitting: f(x)
fitted parameters initialized with current variable values



 Iteration 0
 WSSR        : 736685            delta(WSSR)/WSSR   : 0
 delta(WSSR) : 0                 limit for stopping : 1e-05
 lambda	  : 229.682

initial set of free parameter values

a               = 1
b               = 1

After 6 iterations the fit converged.
final sum of squares of residuals : 0.00037831
rel. change during last iteration : -3.95506e-06

degrees of freedom    (FIT_NDF)                        : 5
rms of residuals      (FIT_STDFIT) = sqrt(WSSR/ndf)    : 0.00869839
variance of residuals (reduced chisquare) = WSSR/ndf   : 7.5662e-05

Final set of parameters            Asymptotic Standard Error
=======================            ==========================

a               = 0.00430708       +/- 3.153e-05    (0.7321%)
b               = -0.0438333       +/- 0.01024      (23.36%)


correlation matrix of the fit parameters:

               a      b      
a               1.000 
b              -0.947  1.000 


*******************************************************************************
Mon Dec 17 21:16:00 2012


FIT:    data read from "daten" using (($9 +273.2)**4)-(21.2+273.2)**4:($2) index 1
        format = x:z
        #datapoints = 8
        residuals are weighted equally (unit weight)

function used for fitting: f(x)
fitted parameters initialized with current variable values



 Iteration 0
 WSSR        : 0.000490065       delta(WSSR)/WSSR   : 0
 delta(WSSR) : 0                 limit for stopping : 1e-05
 lambda	  : 234.834

initial set of free parameter values

a               = 0.00430708
b               = -0.0438333

After 5 iterations the fit converged.
final sum of squares of residuals : 0.000470656
rel. change during last iteration : -9.73234e-06

degrees of freedom    (FIT_NDF)                        : 6
rms of residuals      (FIT_STDFIT) = sqrt(WSSR/ndf)    : 0.00885679
variance of residuals (reduced chisquare) = WSSR/ndf   : 7.84427e-05

Final set of parameters            Asymptotic Standard Error
=======================            ==========================

a               = 0.00431529       +/- 3.12e-05     (0.723%)
b               = -0.0451127       +/- 0.01036      (22.97%)


correlation matrix of the fit parameters:

               a      b      
a               1.000 
b              -0.953  1.000 


*******************************************************************************
Mon Dec 17 21:17:01 2012


FIT:    data read from "daten" using (($9 +273.2)**4)-(21.2+273.2)**4:($2) index 1
        format = x:z
        #datapoints = 8
        residuals are weighted equally (unit weight)

function used for fitting: f(x)
fitted parameters initialized with current variable values



 Iteration 0
 WSSR        : 0.000470656       delta(WSSR)/WSSR   : 0
 delta(WSSR) : 0                 limit for stopping : 1e-05
 lambda	  : 234.834

initial set of free parameter values

a               = 0.00431529
b               = -0.0451127

After 1 iterations the fit converged.
final sum of squares of residuals : 0.000470656
rel. change during last iteration : -1.39368e-14

degrees of freedom    (FIT_NDF)                        : 6
rms of residuals      (FIT_STDFIT) = sqrt(WSSR/ndf)    : 0.00885679
variance of residuals (reduced chisquare) = WSSR/ndf   : 7.84427e-05

Final set of parameters            Asymptotic Standard Error
=======================            ==========================

a               = 0.00431529       +/- 3.12e-05     (0.723%)
b               = -0.0451127       +/- 0.01036      (22.97%)


correlation matrix of the fit parameters:

               a      b      
a               1.000 
b              -0.953  1.000 


*******************************************************************************
Mon Dec 17 21:17:03 2012


FIT:    data read from "daten" using (($9 +273.2)**4)-(21.2+273.2)**4:($2) index 1
        format = x:z
        #datapoints = 8
        residuals are weighted equally (unit weight)

function used for fitting: f(x)
fitted parameters initialized with current variable values



 Iteration 0
 WSSR        : 0.000470656       delta(WSSR)/WSSR   : 0
 delta(WSSR) : 0                 limit for stopping : 1e-05
 lambda	  : 234.834

initial set of free parameter values

a               = 0.00431529
b               = -0.0451127

After 1 iterations the fit converged.
final sum of squares of residuals : 0.000470656
rel. change during last iteration : 0

degrees of freedom    (FIT_NDF)                        : 6
rms of residuals      (FIT_STDFIT) = sqrt(WSSR/ndf)    : 0.00885679
variance of residuals (reduced chisquare) = WSSR/ndf   : 7.84427e-05

Final set of parameters            Asymptotic Standard Error
=======================            ==========================

a               = 0.00431529       +/- 3.12e-05     (0.723%)
b               = -0.0451127       +/- 0.01036      (22.97%)


correlation matrix of the fit parameters:

               a      b      
a               1.000 
b              -0.953  1.000 


*******************************************************************************
Mon Dec 17 21:17:46 2012


FIT:    data read from "daten" using (($9 +273.2)**4)-(21.2+273.2)**4:($2) index 1
        format = x:z
        #datapoints = 8
        residuals are weighted equally (unit weight)

function used for fitting: f(x)
fitted parameters initialized with current variable values



 Iteration 0
 WSSR        : 0.000470656       delta(WSSR)/WSSR   : 0
 delta(WSSR) : 0                 limit for stopping : 1e-05
 lambda	  : 234.834

initial set of free parameter values

a               = 0.00431529
b               = -0.0451127

After 1 iterations the fit converged.
final sum of squares of residuals : 0.000470656
rel. change during last iteration : 0

degrees of freedom    (FIT_NDF)                        : 6
rms of residuals      (FIT_STDFIT) = sqrt(WSSR/ndf)    : 0.00885679
variance of residuals (reduced chisquare) = WSSR/ndf   : 7.84427e-05

Final set of parameters            Asymptotic Standard Error
=======================            ==========================

a               = 0.00431529       +/- 3.12e-05     (0.723%)
b               = -0.0451127       +/- 0.01036      (22.97%)


correlation matrix of the fit parameters:

               a      b      
a               1.000 
b              -0.953  1.000 


*******************************************************************************
Mon Dec 17 21:17:51 2012


FIT:    data read from "daten" using (($9 +273.2)**4)-(21.2+273.2)**4:($2) index 1
        format = x:z
        #datapoints = 8
        residuals are weighted equally (unit weight)

function used for fitting: f(x)
fitted parameters initialized with current variable values



 Iteration 0
 WSSR        : 0.000470656       delta(WSSR)/WSSR   : 0
 delta(WSSR) : 0                 limit for stopping : 1e-05
 lambda	  : 234.834

initial set of free parameter values

a               = 0.00431529
b               = -0.0451127

After 1 iterations the fit converged.
final sum of squares of residuals : 0.000470656
rel. change during last iteration : 0

degrees of freedom    (FIT_NDF)                        : 6
rms of residuals      (FIT_STDFIT) = sqrt(WSSR/ndf)    : 0.00885679
variance of residuals (reduced chisquare) = WSSR/ndf   : 7.84427e-05

Final set of parameters            Asymptotic Standard Error
=======================            ==========================

a               = 0.00431529       +/- 3.12e-05     (0.723%)
b               = -0.0451127       +/- 0.01036      (22.97%)


correlation matrix of the fit parameters:

               a      b      
a               1.000 
b              -0.953  1.000 


*******************************************************************************
Mon Dec 17 21:18:04 2012


FIT:    data read from "daten" using (($9 +273.2)**4)-(21.2+273.2)**4:($3) index 1
        format = x:z
        #datapoints = 8
        residuals are weighted equally (unit weight)

function used for fitting: f(x)
fitted parameters initialized with current variable values



 Iteration 0
 WSSR        : 10.9546           delta(WSSR)/WSSR   : 0
 delta(WSSR) : 0                 limit for stopping : 1e-05
 lambda	  : 234.834

initial set of free parameter values

a               = 0.00431529
b               = -0.0451127

After 6 iterations the fit converged.
final sum of squares of residuals : 0.00140004
rel. change during last iteration : -6.15663e-10

degrees of freedom    (FIT_NDF)                        : 6
rms of residuals      (FIT_STDFIT) = sqrt(WSSR/ndf)    : 0.0152755
variance of residuals (reduced chisquare) = WSSR/ndf   : 0.000233339

Final set of parameters            Asymptotic Standard Error
=======================            ==========================

a               = 0.000858863      +/- 5.381e-05    (6.265%)
b               = -0.0683942       +/- 0.01787      (26.13%)


correlation matrix of the fit parameters:

               a      b      
a               1.000 
b              -0.953  1.000 


*******************************************************************************
Mon Dec 17 21:18:09 2012


FIT:    data read from "daten" using (($9 +273.2)**4)-(21.2+273.2)**4:($3) index 1
        format = x:z
        #datapoints = 8
        residuals are weighted equally (unit weight)

function used for fitting: f(x)
fitted parameters initialized with current variable values



 Iteration 0
 WSSR        : 0.00140004        delta(WSSR)/WSSR   : 0
 delta(WSSR) : 0                 limit for stopping : 1e-05
 lambda	  : 234.834

initial set of free parameter values

a               = 0.000858863
b               = -0.0683942

After 1 iterations the fit converged.
final sum of squares of residuals : 0.00140004
rel. change during last iteration : 0

degrees of freedom    (FIT_NDF)                        : 6
rms of residuals      (FIT_STDFIT) = sqrt(WSSR/ndf)    : 0.0152755
variance of residuals (reduced chisquare) = WSSR/ndf   : 0.000233339

Final set of parameters            Asymptotic Standard Error
=======================            ==========================

a               = 0.000858863      +/- 5.381e-05    (6.265%)
b               = -0.0683942       +/- 0.01787      (26.13%)


correlation matrix of the fit parameters:

               a      b      
a               1.000 
b              -0.953  1.000 


*******************************************************************************
Mon Dec 17 21:18:49 2012


FIT:    data read from "daten" using (($9 +273.2)**4)-(21.2+273.2)**4:($4) index 1
        format = x:z
        #datapoints = 8
        residuals are weighted equally (unit weight)

function used for fitting: f(x)
fitted parameters initialized with current variable values



 Iteration 0
 WSSR        : 10.3977           delta(WSSR)/WSSR   : 0
 delta(WSSR) : 0                 limit for stopping : 1e-05
 lambda	  : 234.834

initial set of free parameter values

a               = 0.000858863
b               = -0.0683942

After 6 iterations the fit converged.
final sum of squares of residuals : 0.000386129
rel. change during last iteration : -1.59068e-09

degrees of freedom    (FIT_NDF)                        : 6
rms of residuals      (FIT_STDFIT) = sqrt(WSSR/ndf)    : 0.00802215
variance of residuals (reduced chisquare) = WSSR/ndf   : 6.43548e-05

Final set of parameters            Asymptotic Standard Error
=======================            ==========================

a               = 0.00423514       +/- 2.826e-05    (0.6672%)
b               = -0.0487399       +/- 0.009385     (19.25%)


correlation matrix of the fit parameters:

               a      b      
a               1.000 
b              -0.953  1.000 


*******************************************************************************
Mon Dec 17 21:18:49 2012


FIT:    data read from "daten" using (($9 +273.2)**4)-(21.2+273.2)**4:($4) index 1
        format = x:z
        #datapoints = 8
        residuals are weighted equally (unit weight)

function used for fitting: f(x)
fitted parameters initialized with current variable values



 Iteration 0
 WSSR        : 0.000386129       delta(WSSR)/WSSR   : 0
 delta(WSSR) : 0                 limit for stopping : 1e-05
 lambda	  : 234.834

initial set of free parameter values

a               = 0.00423514
b               = -0.0487399

After 1 iterations the fit converged.
final sum of squares of residuals : 0.000386129
rel. change during last iteration : 0

degrees of freedom    (FIT_NDF)                        : 6
rms of residuals      (FIT_STDFIT) = sqrt(WSSR/ndf)    : 0.00802215
variance of residuals (reduced chisquare) = WSSR/ndf   : 6.43548e-05

Final set of parameters            Asymptotic Standard Error
=======================            ==========================

a               = 0.00423514       +/- 2.826e-05    (0.6672%)
b               = -0.0487399       +/- 0.009385     (19.25%)


correlation matrix of the fit parameters:

               a      b      
a               1.000 
b              -0.953  1.000 


*******************************************************************************
Mon Dec 17 21:20:52 2012


FIT:    data read from "daten" using (($9 +273.2)**4)-(21.2+273.2)**4:($1) index 1
        format = x:z
        #datapoints = 8
        residuals are weighted equally (unit weight)

function used for fitting: f(x)
fitted parameters initialized with current variable values



 Iteration 0
 WSSR        : 11.9682           delta(WSSR)/WSSR   : 0
 delta(WSSR) : 0                 limit for stopping : 1e-05
 lambda	  : 234.834

initial set of free parameter values

a               = 0.00423514
b               = -0.0487399

After 6 iterations the fit converged.
final sum of squares of residuals : 0.418874
rel. change during last iteration : -2.49197e-11

degrees of freedom    (FIT_NDF)                        : 6
rms of residuals      (FIT_STDFIT) = sqrt(WSSR/ndf)    : 0.26422
variance of residuals (reduced chisquare) = WSSR/ndf   : 0.0698123

Final set of parameters            Asymptotic Standard Error
=======================            ==========================

a               = 0.000850459      +/- 0.0009307    (109.4%)
b               = -0.129734        +/- 0.3091       (238.3%)


correlation matrix of the fit parameters:

               a      b      
a               1.000 
b              -0.953  1.000 


*******************************************************************************
Mon Dec 17 21:21:49 2012


FIT:    data read from "daten" using (($9 +273.2)**4)-(21.2+273.2)**4:($1) index 1
        format = x:z
        #datapoints = 7
        residuals are weighted equally (unit weight)

function used for fitting: f(x)
fitted parameters initialized with current variable values



 Iteration 0
 WSSR        : 0.0740273         delta(WSSR)/WSSR   : 0
 delta(WSSR) : 0                 limit for stopping : 1e-05
 lambda	  : 229.682

initial set of free parameter values

a               = 0.000850459
b               = -0.129734

After 6 iterations the fit converged.
final sum of squares of residuals : 0.00154968
rel. change during last iteration : -6.59187e-09

degrees of freedom    (FIT_NDF)                        : 5
rms of residuals      (FIT_STDFIT) = sqrt(WSSR/ndf)    : 0.017605
variance of residuals (reduced chisquare) = WSSR/ndf   : 0.000309935

Final set of parameters            Asymptotic Standard Error
=======================            ==========================

a               = 0.000298172      +/- 6.382e-05    (21.4%)
b               = -0.043726        +/- 0.02073      (47.41%)


correlation matrix of the fit parameters:

               a      b      
a               1.000 
b              -0.947  1.000 


*******************************************************************************
Mon Dec 17 21:23:00 2012


FIT:    data read from "daten" using (($9 +273.2)**4)-(21.2+273.2)**4:($1) index 1
        format = x:z
        #datapoints = 6
        residuals are weighted equally (unit weight)

function used for fitting: f(x)
fitted parameters initialized with current variable values



 Iteration 0
 WSSR        : 0.00076536        delta(WSSR)/WSSR   : 0
 delta(WSSR) : 0                 limit for stopping : 1e-05
 lambda	  : 243.177

initial set of free parameter values

a               = 0.000298172
b               = -0.043726

After 6 iterations the fit converged.
final sum of squares of residuals : 0.000261035
rel. change during last iteration : -3.41489e-08

degrees of freedom    (FIT_NDF)                        : 4
rms of residuals      (FIT_STDFIT) = sqrt(WSSR/ndf)    : 0.00807828
variance of residuals (reduced chisquare) = WSSR/ndf   : 6.52587e-05

Final set of parameters            Asymptotic Standard Error
=======================            ==========================

a               = 0.000381319      +/- 3.475e-05    (9.113%)
b               = -0.0758775       +/- 0.01195      (15.75%)


correlation matrix of the fit parameters:

               a      b      
a               1.000 
b              -0.961  1.000 


*******************************************************************************
Mon Dec 17 21:25:06 2012


FIT:    data read from "daten" using (($9 +273.2)**4)-(21.2+273.2)**4:($3) index 1
        format = x:z
        #datapoints = 6
        residuals are weighted equally (unit weight)

function used for fitting: f(x)
fitted parameters initialized with current variable values



 Iteration 0
 WSSR        : 0.17598           delta(WSSR)/WSSR   : 0
 delta(WSSR) : 0                 limit for stopping : 1e-05
 lambda	  : 243.177

initial set of free parameter values

a               = 0.000381319
b               = -0.0758775

After 6 iterations the fit converged.
final sum of squares of residuals : 0.000526013
rel. change during last iteration : -5.96288e-09

degrees of freedom    (FIT_NDF)                        : 4
rms of residuals      (FIT_STDFIT) = sqrt(WSSR/ndf)    : 0.0114675
variance of residuals (reduced chisquare) = WSSR/ndf   : 0.000131503

Final set of parameters            Asymptotic Standard Error
=======================            ==========================

a               = 0.000931628      +/- 4.933e-05    (5.295%)
b               = -0.0949479       +/- 0.01696      (17.87%)


correlation matrix of the fit parameters:

               a      b      
a               1.000 
b              -0.961  1.000 


*******************************************************************************
Mon Dec 17 21:25:19 2012


FIT:    data read from "daten" using (($9 +273.2)**4)-(21.2+273.2)**4:($3) index 1
        format = x:z
        #datapoints = 8
        residuals are weighted equally (unit weight)

function used for fitting: f(x)
fitted parameters initialized with current variable values



 Iteration 0
 WSSR        : 0.00192575        delta(WSSR)/WSSR   : 0
 delta(WSSR) : 0                 limit for stopping : 1e-05
 lambda	  : 234.834

initial set of free parameter values

a               = 0.000931628
b               = -0.0949479

After 6 iterations the fit converged.
final sum of squares of residuals : 0.00140004
rel. change during last iteration : -8.01577e-10

degrees of freedom    (FIT_NDF)                        : 6
rms of residuals      (FIT_STDFIT) = sqrt(WSSR/ndf)    : 0.0152755
variance of residuals (reduced chisquare) = WSSR/ndf   : 0.000233339

Final set of parameters            Asymptotic Standard Error
=======================            ==========================

a               = 0.000858863      +/- 5.381e-05    (6.265%)
b               = -0.0683942       +/- 0.01787      (26.13%)


correlation matrix of the fit parameters:

               a      b      
a               1.000 
b              -0.953  1.000 


*******************************************************************************
Mon Dec 17 21:33:04 2012


FIT:    data read from "daten" using (($9 +273.2)**4)-(21.2+273.2)**4:($3)-0.168 index 1
        format = x:z
        #datapoints = 8
        residuals are weighted equally (unit weight)

function used for fitting: f(x)
fitted parameters initialized with current variable values



 Iteration 0
 WSSR        : 0.227192          delta(WSSR)/WSSR   : 0
 delta(WSSR) : 0                 limit for stopping : 1e-05
 lambda	  : 234.834

initial set of free parameter values

a               = 0.000858863
b               = -0.0683942

After 6 iterations the fit converged.
final sum of squares of residuals : 0.00140004
rel. change during last iteration : -3.20854e-08

degrees of freedom    (FIT_NDF)                        : 6
rms of residuals      (FIT_STDFIT) = sqrt(WSSR/ndf)    : 0.0152755
variance of residuals (reduced chisquare) = WSSR/ndf   : 0.000233339

Final set of parameters            Asymptotic Standard Error
=======================            ==========================

a               = 0.000858863      +/- 5.381e-05    (6.265%)
b               = -0.236394        +/- 0.01787      (7.56%)


correlation matrix of the fit parameters:

               a      b      
a               1.000 
b              -0.953  1.000 


*******************************************************************************
Mon Dec 17 21:33:07 2012


FIT:    data read from "daten" using (($9 +273.2)**4)-(21.2+273.2)**4:($3)-0.168 index 1
        format = x:z
        #datapoints = 8
        residuals are weighted equally (unit weight)

function used for fitting: f(x)
fitted parameters initialized with current variable values



 Iteration 0
 WSSR        : 0.00140004        delta(WSSR)/WSSR   : 0
 delta(WSSR) : 0                 limit for stopping : 1e-05
 lambda	  : 234.834

initial set of free parameter values

a               = 0.000858863
b               = -0.236394

After 1 iterations the fit converged.
final sum of squares of residuals : 0.00140004
rel. change during last iteration : -1.39394e-15

degrees of freedom    (FIT_NDF)                        : 6
rms of residuals      (FIT_STDFIT) = sqrt(WSSR/ndf)    : 0.0152755
variance of residuals (reduced chisquare) = WSSR/ndf   : 0.000233339

Final set of parameters            Asymptotic Standard Error
=======================            ==========================

a               = 0.000858863      +/- 5.381e-05    (6.265%)
b               = -0.236394        +/- 0.01787      (7.56%)


correlation matrix of the fit parameters:

               a      b      
a               1.000 
b              -0.953  1.000 


*******************************************************************************
Mon Dec 17 21:33:55 2012


FIT:    data read from "daten" using (($9 +273.2)**4)-(21.2+273.2)**4:($4)-0.168 index 1
        format = x:z
        #datapoints = 8
        residuals are weighted equally (unit weight)

function used for fitting: f(x)
fitted parameters initialized with current variable values



 Iteration 0
 WSSR        : 10.3977           delta(WSSR)/WSSR   : 0
 delta(WSSR) : 0                 limit for stopping : 1e-05
 lambda	  : 234.834

initial set of free parameter values

a               = 0.000858863
b               = -0.236394

After 6 iterations the fit converged.
final sum of squares of residuals : 0.000386129
rel. change during last iteration : -1.59067e-09

degrees of freedom    (FIT_NDF)                        : 6
rms of residuals      (FIT_STDFIT) = sqrt(WSSR/ndf)    : 0.00802215
variance of residuals (reduced chisquare) = WSSR/ndf   : 6.43548e-05

Final set of parameters            Asymptotic Standard Error
=======================            ==========================

a               = 0.00423514       +/- 2.826e-05    (0.6672%)
b               = -0.21674         +/- 0.009385     (4.33%)


correlation matrix of the fit parameters:

               a      b      
a               1.000 
b              -0.953  1.000 


*******************************************************************************
Mon Dec 17 21:35:19 2012


FIT:    data read from "daten" using (($9 +273.2)**4)-(21.2+273.2)**4:($4)-0.168 index 1
        format = x:z
        #datapoints = 8
        residuals are weighted equally (unit weight)

function used for fitting: f(x)
fitted parameters initialized with current variable values



 Iteration 0
 WSSR        : 0.000386129       delta(WSSR)/WSSR   : 0
 delta(WSSR) : 0                 limit for stopping : 1e-05
 lambda	  : 234.834

initial set of free parameter values

a               = 0.00423514
b               = -0.21674

After 1 iterations the fit converged.
final sum of squares of residuals : 0.000386129
rel. change during last iteration : -1.09507e-14

degrees of freedom    (FIT_NDF)                        : 6
rms of residuals      (FIT_STDFIT) = sqrt(WSSR/ndf)    : 0.00802215
variance of residuals (reduced chisquare) = WSSR/ndf   : 6.43548e-05

Final set of parameters            Asymptotic Standard Error
=======================            ==========================

a               = 0.00423514       +/- 2.826e-05    (0.6672%)
b               = -0.21674         +/- 0.009385     (4.33%)


correlation matrix of the fit parameters:

               a      b      
a               1.000 
b              -0.953  1.000 


*******************************************************************************
Mon Dec 17 21:35:21 2012


FIT:    data read from "daten" using (($9 +273.2)**4)-(21.2+273.2)**4:($4)-0.168 index 1
        format = x:z
        #datapoints = 8
        residuals are weighted equally (unit weight)

function used for fitting: f(x)
fitted parameters initialized with current variable values



 Iteration 0
 WSSR        : 0.000386129       delta(WSSR)/WSSR   : 0
 delta(WSSR) : 0                 limit for stopping : 1e-05
 lambda	  : 234.834

initial set of free parameter values

a               = 0.00423514
b               = -0.21674

After 1 iterations the fit converged.
final sum of squares of residuals : 0.000386129
rel. change during last iteration : 0

degrees of freedom    (FIT_NDF)                        : 6
rms of residuals      (FIT_STDFIT) = sqrt(WSSR/ndf)    : 0.00802215
variance of residuals (reduced chisquare) = WSSR/ndf   : 6.43548e-05

Final set of parameters            Asymptotic Standard Error
=======================            ==========================

a               = 0.00423514       +/- 2.826e-05    (0.6672%)
b               = -0.21674         +/- 0.009385     (4.33%)


correlation matrix of the fit parameters:

               a      b      
a               1.000 
b              -0.953  1.000 


*******************************************************************************
Mon Dec 17 21:37:00 2012


FIT:    data read from "daten" using (($9 +273.2)**4)-(21.2+273.2)**4:($3)-0.168 index 1
        format = x:z
        #datapoints = 8
        residuals are weighted equally (unit weight)

function used for fitting: f(x)
fitted parameters initialized with current variable values



 Iteration 0
 WSSR        : 10.3987           delta(WSSR)/WSSR   : 0
 delta(WSSR) : 0                 limit for stopping : 1e-05
 lambda	  : 234.834

initial set of free parameter values

a               = 0.00423514
b               = -0.21674

After 6 iterations the fit converged.
final sum of squares of residuals : 0.00140004
rel. change during last iteration : -4.38707e-10

degrees of freedom    (FIT_NDF)                        : 6
rms of residuals      (FIT_STDFIT) = sqrt(WSSR/ndf)    : 0.0152755
variance of residuals (reduced chisquare) = WSSR/ndf   : 0.000233339

Final set of parameters            Asymptotic Standard Error
=======================            ==========================

a               = 0.000858863      +/- 5.381e-05    (6.265%)
b               = -0.236394        +/- 0.01787      (7.56%)


correlation matrix of the fit parameters:

               a      b      
a               1.000 
b              -0.953  1.000 


*******************************************************************************
Mon Dec 17 21:37:01 2012


FIT:    data read from "daten" using (($9 +273.2)**4)-(21.2+273.2)**4:($3)-0.168 index 1
        format = x:z
        #datapoints = 8
        residuals are weighted equally (unit weight)

function used for fitting: f(x)
fitted parameters initialized with current variable values



 Iteration 0
 WSSR        : 0.00140004        delta(WSSR)/WSSR   : 0
 delta(WSSR) : 0                 limit for stopping : 1e-05
 lambda	  : 234.834

initial set of free parameter values

a               = 0.000858863
b               = -0.236394

After 1 iterations the fit converged.
final sum of squares of residuals : 0.00140004
rel. change during last iteration : -9.29292e-16

degrees of freedom    (FIT_NDF)                        : 6
rms of residuals      (FIT_STDFIT) = sqrt(WSSR/ndf)    : 0.0152755
variance of residuals (reduced chisquare) = WSSR/ndf   : 0.000233339

Final set of parameters            Asymptotic Standard Error
=======================            ==========================

a               = 0.000858863      +/- 5.381e-05    (6.265%)
b               = -0.236394        +/- 0.01787      (7.56%)


correlation matrix of the fit parameters:

               a      b      
a               1.000 
b              -0.953  1.000 


*******************************************************************************
Mon Dec 17 21:38:12 2012


FIT:    data read from "daten" using (($9 +273.2)**4)-(21.2+273.2)**4:($2)-0.168 index 1
        format = x:z
        #datapoints = 8
        residuals are weighted equally (unit weight)

function used for fitting: f(x)
fitted parameters initialized with current variable values



 Iteration 0
 WSSR        : 10.9537           delta(WSSR)/WSSR   : 0
 delta(WSSR) : 0                 limit for stopping : 1e-05
 lambda	  : 234.834

initial set of free parameter values

a               = 0.000858863
b               = -0.236394

After 6 iterations the fit converged.
final sum of squares of residuals : 0.000470656
rel. change during last iteration : -1.83138e-09

degrees of freedom    (FIT_NDF)                        : 6
rms of residuals      (FIT_STDFIT) = sqrt(WSSR/ndf)    : 0.00885679
variance of residuals (reduced chisquare) = WSSR/ndf   : 7.84427e-05

Final set of parameters            Asymptotic Standard Error
=======================            ==========================

a               = 0.00431529       +/- 3.12e-05     (0.723%)
b               = -0.213113        +/- 0.01036      (4.862%)


correlation matrix of the fit parameters:

               a      b      
a               1.000 
b              -0.953  1.000 


*******************************************************************************
Mon Dec 17 21:38:12 2012


FIT:    data read from "daten" using (($9 +273.2)**4)-(21.2+273.2)**4:($2)-0.168 index 1
        format = x:z
        #datapoints = 8
        residuals are weighted equally (unit weight)

function used for fitting: f(x)
fitted parameters initialized with current variable values



 Iteration 0
 WSSR        : 0.000470656       delta(WSSR)/WSSR   : 0
 delta(WSSR) : 0                 limit for stopping : 1e-05
 lambda	  : 234.834

initial set of free parameter values

a               = 0.00431529
b               = -0.213113

After 1 iterations the fit converged.
final sum of squares of residuals : 0.000470656
rel. change during last iteration : 0

degrees of freedom    (FIT_NDF)                        : 6
rms of residuals      (FIT_STDFIT) = sqrt(WSSR/ndf)    : 0.00885679
variance of residuals (reduced chisquare) = WSSR/ndf   : 7.84427e-05

Final set of parameters            Asymptotic Standard Error
=======================            ==========================

a               = 0.00431529       +/- 3.12e-05     (0.723%)
b               = -0.213113        +/- 0.01036      (4.862%)


correlation matrix of the fit parameters:

               a      b      
a               1.000 
b              -0.953  1.000 


*******************************************************************************
Mon Dec 17 21:39:42 2012


FIT:    data read from "daten" using (($9 +273.2)**4)-(21.2+273.2)**4:($1)-0.168 index 1
        format = x:z
        #datapoints = 8
        residuals are weighted equally (unit weight)

function used for fitting: f(x)
fitted parameters initialized with current variable values



 Iteration 0
 WSSR        : 12.5539           delta(WSSR)/WSSR   : 0
 delta(WSSR) : 0                 limit for stopping : 1e-05
 lambda	  : 234.834

initial set of free parameter values

a               = 0.00431529
b               = -0.213113

After 6 iterations the fit converged.
final sum of squares of residuals : 0.418874
rel. change during last iteration : -2.7202e-11

degrees of freedom    (FIT_NDF)                        : 6
rms of residuals      (FIT_STDFIT) = sqrt(WSSR/ndf)    : 0.26422
variance of residuals (reduced chisquare) = WSSR/ndf   : 0.0698123

Final set of parameters            Asymptotic Standard Error
=======================            ==========================

a               = 0.000850459      +/- 0.0009307    (109.4%)
b               = -0.297734        +/- 0.3091       (103.8%)


correlation matrix of the fit parameters:

               a      b      
a               1.000 
b              -0.953  1.000 


*******************************************************************************
Mon Dec 17 21:39:53 2012


FIT:    data read from "daten" using (($9 +273.2)**4)-(21.2+273.2)**4:($1)-0.168 index 1
        format = x:z
        #datapoints = 8
        residuals are weighted equally (unit weight)

function used for fitting: f(x)
fitted parameters initialized with current variable values



 Iteration 0
 WSSR        : 0.418874          delta(WSSR)/WSSR   : 0
 delta(WSSR) : 0                 limit for stopping : 1e-05
 lambda	  : 234.834

initial set of free parameter values

a               = 0.000850459
b               = -0.297734

After 1 iterations the fit converged.
final sum of squares of residuals : 0.418874
rel. change during last iteration : -1.32525e-16

degrees of freedom    (FIT_NDF)                        : 6
rms of residuals      (FIT_STDFIT) = sqrt(WSSR/ndf)    : 0.26422
variance of residuals (reduced chisquare) = WSSR/ndf   : 0.0698123

Final set of parameters            Asymptotic Standard Error
=======================            ==========================

a               = 0.000850459      +/- 0.0009307    (109.4%)
b               = -0.297734        +/- 0.3091       (103.8%)


correlation matrix of the fit parameters:

               a      b      
a               1.000 
b              -0.953  1.000 


*******************************************************************************
Mon Dec 17 21:39:55 2012


FIT:    data read from "daten" using (($9 +273.2)**4)-(21.2+273.2)**4:($1)-0.168 index 1
        format = x:z
        #datapoints = 8
        residuals are weighted equally (unit weight)

function used for fitting: f(x)
fitted parameters initialized with current variable values



 Iteration 0
 WSSR        : 0.418874          delta(WSSR)/WSSR   : 0
 delta(WSSR) : 0                 limit for stopping : 1e-05
 lambda	  : 234.834

initial set of free parameter values

a               = 0.000850459
b               = -0.297734

After 1 iterations the fit converged.
final sum of squares of residuals : 0.418874
rel. change during last iteration : 0

degrees of freedom    (FIT_NDF)                        : 6
rms of residuals      (FIT_STDFIT) = sqrt(WSSR/ndf)    : 0.26422
variance of residuals (reduced chisquare) = WSSR/ndf   : 0.0698123

Final set of parameters            Asymptotic Standard Error
=======================            ==========================

a               = 0.000850459      +/- 0.0009307    (109.4%)
b               = -0.297734        +/- 0.3091       (103.8%)


correlation matrix of the fit parameters:

               a      b      
a               1.000 
b              -0.953  1.000 


*******************************************************************************
Mon Dec 17 21:40:00 2012


FIT:    data read from "daten" using (($9 +273.2)**4)-(21.2+273.2)**4:($1)-0.168 index 1
        format = x:z
        #datapoints = 6
        residuals are weighted equally (unit weight)

function used for fitting: f(x)
fitted parameters initialized with current variable values



 Iteration 0
 WSSR        : 0.0736247         delta(WSSR)/WSSR   : 0
 delta(WSSR) : 0                 limit for stopping : 1e-05
 lambda	  : 243.177

initial set of free parameter values

a               = 0.000850459
b               = -0.297734

After 6 iterations the fit converged.
final sum of squares of residuals : 0.000261035
rel. change during last iteration : -9.58206e-08

degrees of freedom    (FIT_NDF)                        : 4
rms of residuals      (FIT_STDFIT) = sqrt(WSSR/ndf)    : 0.00807828
variance of residuals (reduced chisquare) = WSSR/ndf   : 6.52587e-05

Final set of parameters            Asymptotic Standard Error
=======================            ==========================

a               = 0.000381319      +/- 3.475e-05    (9.113%)
b               = -0.243878        +/- 0.01195      (4.9%)


correlation matrix of the fit parameters:

               a      b      
a               1.000 
b              -0.961  1.000 


*******************************************************************************
Tue Dec 18 00:21:02 2012


FIT:    data read from "daten" using (($9 +273.2)**4)-(21.2+273.2)**4:(($2)-0.168)/1000 index 1
        format = x:z
        #datapoints = 6
        residuals are weighted equally (unit weight)

function used for fitting: f(x)
fitted parameters initialized with current variable values



 Iteration 0
 WSSR        : 0.0927085         delta(WSSR)/WSSR   : 0
 delta(WSSR) : 0                 limit for stopping : 1e-05
 lambda	  : 243.177

initial set of free parameter values

a               = 0.000381319
b               = -0.243878

After 7 iterations the fit converged.
final sum of squares of residuals : 2.39809e-10
rel. change during last iteration : -3.57561e-10

degrees of freedom    (FIT_NDF)                        : 4
rms of residuals      (FIT_STDFIT) = sqrt(WSSR/ndf)    : 7.74288e-06
variance of residuals (reduced chisquare) = WSSR/ndf   : 5.99522e-11

Final set of parameters            Asymptotic Standard Error
=======================            ==========================

a               = 4.33434e-06      +/- 3.331e-08    (0.7685%)
b               = -0.000222374     +/- 1.145e-05    (5.151%)


correlation matrix of the fit parameters:

               a      b      
a               1.000 
b              -0.961  1.000 


*******************************************************************************
Tue Dec 18 00:22:22 2012


FIT:    data read from "daten" using (($9 +273.2)**4)-(21.2+273.2)**4:(($2)-0.168)/1000 index 1
        format = x:z
        #datapoints = 8
        residuals are weighted equally (unit weight)

function used for fitting: f(x)
fitted parameters initialized with current variable values



 Iteration 0
 WSSR        : 5.83476e-10       delta(WSSR)/WSSR   : 0
 delta(WSSR) : 0                 limit for stopping : 1e-05
 lambda	  : 234.834

initial set of free parameter values

a               = 4.33434e-06
b               = -0.000222374

After 6 iterations the fit converged.
final sum of squares of residuals : 4.70656e-10
rel. change during last iteration : -2.90045e-10

degrees of freedom    (FIT_NDF)                        : 6
rms of residuals      (FIT_STDFIT) = sqrt(WSSR/ndf)    : 8.85679e-06
variance of residuals (reduced chisquare) = WSSR/ndf   : 7.84427e-11

Final set of parameters            Asymptotic Standard Error
=======================            ==========================

a               = 4.31529e-06      +/- 3.12e-08     (0.723%)
b               = -0.000213113     +/- 1.036e-05    (4.862%)


correlation matrix of the fit parameters:

               a      b      
a               1.000 
b              -0.953  1.000 


*******************************************************************************
Tue Dec 18 00:22:24 2012


FIT:    data read from "daten" using (($9 +273.2)**4)-(21.2+273.2)**4:(($2)-0.168)/1000 index 1
        format = x:z
        #datapoints = 8
        residuals are weighted equally (unit weight)

function used for fitting: f(x)
fitted parameters initialized with current variable values



 Iteration 0
 WSSR        : 4.70656e-10       delta(WSSR)/WSSR   : 0
 delta(WSSR) : 0                 limit for stopping : 1e-05
 lambda	  : 234.834

initial set of free parameter values

a               = 4.31529e-06
b               = -0.000213113

After 1 iterations the fit converged.
final sum of squares of residuals : 4.70656e-10
rel. change during last iteration : -4.17408e-15

degrees of freedom    (FIT_NDF)                        : 6
rms of residuals      (FIT_STDFIT) = sqrt(WSSR/ndf)    : 8.85679e-06
variance of residuals (reduced chisquare) = WSSR/ndf   : 7.84427e-11

Final set of parameters            Asymptotic Standard Error
=======================            ==========================

a               = 4.31529e-06      +/- 3.12e-08     (0.723%)
b               = -0.000213113     +/- 1.036e-05    (4.862%)


correlation matrix of the fit parameters:

               a      b      
a               1.000 
b              -0.953  1.000 


*******************************************************************************
Tue Dec 18 00:23:36 2012


FIT:    data read from "daten" using (($9 +273.2)**4)-(21.2+273.2)**4:(($4)-0.168)/1000 index 1
        format = x:z
        #datapoints = 8
        residuals are weighted equally (unit weight)

function used for fitting: f(x)
fitted parameters initialized with current variable values



 Iteration 0
 WSSR        : 7.63181e-09       delta(WSSR)/WSSR   : 0
 delta(WSSR) : 0                 limit for stopping : 1e-05
 lambda	  : 234.834

initial set of free parameter values

a               = 4.31529e-06
b               = -0.000213113

After 6 iterations the fit converged.
final sum of squares of residuals : 3.86129e-10
rel. change during last iteration : -5.42306e-11

degrees of freedom    (FIT_NDF)                        : 6
rms of residuals      (FIT_STDFIT) = sqrt(WSSR/ndf)    : 8.02215e-06
variance of residuals (reduced chisquare) = WSSR/ndf   : 6.43548e-11

Final set of parameters            Asymptotic Standard Error
=======================            ==========================

a               = 4.23514e-06      +/- 2.826e-08    (0.6672%)
b               = -0.00021674      +/- 9.385e-06    (4.33%)


correlation matrix of the fit parameters:

               a      b      
a               1.000 
b              -0.953  1.000 


*******************************************************************************
Tue Dec 18 00:23:53 2012


FIT:    data read from "daten" using (($9 +273.2)**4)-(21.2+273.2)**4:(($3)-0.168)/1000 index 1
        format = x:z
        #datapoints = 8
        residuals are weighted equally (unit weight)

function used for fitting: f(x)
fitted parameters initialized with current variable values



 Iteration 0
 WSSR        : 1.03987e-05       delta(WSSR)/WSSR   : 0
 delta(WSSR) : 0                 limit for stopping : 1e-05
 lambda	  : 234.834

initial set of free parameter values

a               = 4.23514e-06
b               = -0.00021674

After 6 iterations the fit converged.
final sum of squares of residuals : 1.40004e-09
rel. change during last iteration : -4.3871e-10

degrees of freedom    (FIT_NDF)                        : 6
rms of residuals      (FIT_STDFIT) = sqrt(WSSR/ndf)    : 1.52755e-05
variance of residuals (reduced chisquare) = WSSR/ndf   : 2.33339e-10

Final set of parameters            Asymptotic Standard Error
=======================            ==========================

a               = 8.58863e-07      +/- 5.381e-08    (6.265%)
b               = -0.000236394     +/- 1.787e-05    (7.56%)


correlation matrix of the fit parameters:

               a      b      
a               1.000 
b              -0.953  1.000 


*******************************************************************************
Tue Dec 18 00:28:01 2012


FIT:    data read from "daten" using (($9 +273.2)**4)-(21.2+273.2)**4:(($1)-0.168)/1000 index 1
        format = x:z
        #datapoints = 8
        residuals are weighted equally (unit weight)

function used for fitting: f(x)
fitted parameters initialized with current variable values



 Iteration 0
 WSSR        : 4.51647e-07       delta(WSSR)/WSSR   : 0
 delta(WSSR) : 0                 limit for stopping : 1e-05
 lambda	  : 234.834

initial set of free parameter values

a               = 8.58863e-07
b               = -0.000236394

After 6 iterations the fit converged.
final sum of squares of residuals : 4.18874e-07
rel. change during last iteration : -1.42965e-11

degrees of freedom    (FIT_NDF)                        : 6
rms of residuals      (FIT_STDFIT) = sqrt(WSSR/ndf)    : 0.00026422
variance of residuals (reduced chisquare) = WSSR/ndf   : 6.98123e-08

Final set of parameters            Asymptotic Standard Error
=======================            ==========================

a               = 8.50459e-07      +/- 9.307e-07    (109.4%)
b               = -0.000297734     +/- 0.0003091    (103.8%)


correlation matrix of the fit parameters:

               a      b      
a               1.000 
b              -0.953  1.000 


*******************************************************************************
Tue Dec 18 00:28:03 2012


FIT:    data read from "daten" using (($9 +273.2)**4)-(21.2+273.2)**4:(($1)-0.168)/1000 index 1
        format = x:z
        #datapoints = 8
        residuals are weighted equally (unit weight)

function used for fitting: f(x)
fitted parameters initialized with current variable values



 Iteration 0
 WSSR        : 4.18874e-07       delta(WSSR)/WSSR   : 0
 delta(WSSR) : 0                 limit for stopping : 1e-05
 lambda	  : 234.834

initial set of free parameter values

a               = 8.50459e-07
b               = -0.000297734

After 1 iterations the fit converged.
final sum of squares of residuals : 4.18874e-07
rel. change during last iteration : 0

degrees of freedom    (FIT_NDF)                        : 6
rms of residuals      (FIT_STDFIT) = sqrt(WSSR/ndf)    : 0.00026422
variance of residuals (reduced chisquare) = WSSR/ndf   : 6.98123e-08

Final set of parameters            Asymptotic Standard Error
=======================            ==========================

a               = 8.50459e-07      +/- 9.307e-07    (109.4%)
b               = -0.000297734     +/- 0.0003091    (103.8%)


correlation matrix of the fit parameters:

               a      b      
a               1.000 
b              -0.953  1.000 


*******************************************************************************
Tue Dec 18 00:30:16 2012


FIT:    data read from "daten" using (($9 +273.2)**4)-(21.2+273.2)**4:(($1)-0.168)/1000 index 1
        format = x:z
        #datapoints = 6
        residuals are weighted equally (unit weight)

function used for fitting: f(x)
fitted parameters initialized with current variable values



 Iteration 0
 WSSR        : 7.36247e-08       delta(WSSR)/WSSR   : 0
 delta(WSSR) : 0                 limit for stopping : 1e-05
 lambda	  : 243.177

initial set of free parameter values

a               = 8.50459e-07
b               = -0.000297734

After 6 iterations the fit converged.
final sum of squares of residuals : 2.61035e-10
rel. change during last iteration : -9.58206e-08

degrees of freedom    (FIT_NDF)                        : 4
rms of residuals      (FIT_STDFIT) = sqrt(WSSR/ndf)    : 8.07828e-06
variance of residuals (reduced chisquare) = WSSR/ndf   : 6.52587e-11

Final set of parameters            Asymptotic Standard Error
=======================            ==========================

a               = 3.81319e-07      +/- 3.475e-08    (9.113%)
b               = -0.000243878     +/- 1.195e-05    (4.9%)


correlation matrix of the fit parameters:

               a      b      
a               1.000 
b              -0.961  1.000 


*******************************************************************************
Tue Dec 18 00:31:59 2012


FIT:    data read from "daten" using (($9 +273.2)**4)-(21.2+273.2)**4:(($2)-0.168)/1000 index 1
        format = x:z
        #datapoints = 8
        residuals are weighted equally (unit weight)

function used for fitting: f(x)
fitted parameters initialized with current variable values



 Iteration 0
 WSSR        : 1.42764e-05       delta(WSSR)/WSSR   : 0
 delta(WSSR) : 0                 limit for stopping : 1e-05
 lambda	  : 234.834

initial set of free parameter values

a               = 3.81319e-07
b               = -0.000243878

After 6 iterations the fit converged.
final sum of squares of residuals : 4.70656e-10
rel. change during last iteration : -3.19826e-09

degrees of freedom    (FIT_NDF)                        : 6
rms of residuals      (FIT_STDFIT) = sqrt(WSSR/ndf)    : 8.85679e-06
variance of residuals (reduced chisquare) = WSSR/ndf   : 7.84427e-11

Final set of parameters            Asymptotic Standard Error
=======================            ==========================

a               = 4.31529e-06      +/- 3.12e-08     (0.723%)
b               = -0.000213113     +/- 1.036e-05    (4.862%)


correlation matrix of the fit parameters:

               a      b      
a               1.000 
b              -0.953  1.000 


*******************************************************************************
Tue Dec 18 00:32:04 2012


FIT:    data read from "daten" using (($9 +273.2)**4)-(21.2+273.2)**4:(($2)-0.168)/1000 index 1
        format = x:z
        #datapoints = 8
        residuals are weighted equally (unit weight)

function used for fitting: f(x)
fitted parameters initialized with current variable values



 Iteration 0
 WSSR        : 4.70656e-10       delta(WSSR)/WSSR   : 0
 delta(WSSR) : 0                 limit for stopping : 1e-05
 lambda	  : 234.834

initial set of free parameter values

a               = 4.31529e-06
b               = -0.000213113

After 1 iterations the fit converged.
final sum of squares of residuals : 4.70656e-10
rel. change during last iteration : -7.24971e-15

degrees of freedom    (FIT_NDF)                        : 6
rms of residuals      (FIT_STDFIT) = sqrt(WSSR/ndf)    : 8.85679e-06
variance of residuals (reduced chisquare) = WSSR/ndf   : 7.84427e-11

Final set of parameters            Asymptotic Standard Error
=======================            ==========================

a               = 4.31529e-06      +/- 3.12e-08     (0.723%)
b               = -0.000213113     +/- 1.036e-05    (4.862%)


correlation matrix of the fit parameters:

               a      b      
a               1.000 
b              -0.953  1.000 


*******************************************************************************
Tue Dec 18 00:34:46 2012


FIT:    data read from "daten" using (($9 +273.2)**4)-(21.2+273.2)**4:(($3)-0.168)/1000 index 1
        format = x:z
        #datapoints = 8
        residuals are weighted equally (unit weight)

function used for fitting: f(x)
fitted parameters initialized with current variable values



 Iteration 0
 WSSR        : 1.09546e-05       delta(WSSR)/WSSR   : 0
 delta(WSSR) : 0                 limit for stopping : 1e-05
 lambda	  : 234.834

initial set of free parameter values

a               = 4.31529e-06
b               = -0.000213113

After 6 iterations the fit converged.
final sum of squares of residuals : 1.40004e-09
rel. change during last iteration : -6.1566e-10

degrees of freedom    (FIT_NDF)                        : 6
rms of residuals      (FIT_STDFIT) = sqrt(WSSR/ndf)    : 1.52755e-05
variance of residuals (reduced chisquare) = WSSR/ndf   : 2.33339e-10

Final set of parameters            Asymptotic Standard Error
=======================            ==========================

a               = 8.58863e-07      +/- 5.381e-08    (6.265%)
b               = -0.000236394     +/- 1.787e-05    (7.56%)


correlation matrix of the fit parameters:

               a      b      
a               1.000 
b              -0.953  1.000 


*******************************************************************************
Tue Dec 18 00:37:07 2012


FIT:    data read from "daten" using (($9 +273.2)**4)-(21.2+273.2)**4:(($4)-0.168)/1000 index 1
        format = x:z
        #datapoints = 8
        residuals are weighted equally (unit weight)

function used for fitting: f(x)
fitted parameters initialized with current variable values



 Iteration 0
 WSSR        : 1.03977e-05       delta(WSSR)/WSSR   : 0
 delta(WSSR) : 0                 limit for stopping : 1e-05
 lambda	  : 234.834

initial set of free parameter values

a               = 8.58863e-07
b               = -0.000236394

After 6 iterations the fit converged.
final sum of squares of residuals : 3.86129e-10
rel. change during last iteration : -1.59069e-09

degrees of freedom    (FIT_NDF)                        : 6
rms of residuals      (FIT_STDFIT) = sqrt(WSSR/ndf)    : 8.02215e-06
variance of residuals (reduced chisquare) = WSSR/ndf   : 6.43548e-11

Final set of parameters            Asymptotic Standard Error
=======================            ==========================

a               = 4.23514e-06      +/- 2.826e-08    (0.6672%)
b               = -0.00021674      +/- 9.385e-06    (4.33%)


correlation matrix of the fit parameters:

               a      b      
a               1.000 
b              -0.953  1.000 
